<?xml version="1.0" encoding="UTF-8"?>
<!-- Generated by org.testng.reporters.JUnitXMLReporter -->
<testsuite ignored="0" hostname="Sedra" failures="0" tests="3" name="Default test" time="6.802" errors="0" timestamp="2023-12-25T08:43:18 EET">
  <testcase classname="automationStoreTestCases.TestCases" name="Check_Payment" time="0.155"/>
  <testcase classname="automationStoreTestCases.TestCases" name="Check_Sum" time="1.258"/>
  <testcase classname="automationStoreTestCases.TestCases" name="Navigate_To_Linkedin" time="2.851"/>
</testsuite> <!-- Default test -->
