<?xml version="1.0" encoding="UTF-8"?>
<!-- Generated by org.testng.reporters.JUnitXMLReporter -->
<testsuite ignored="2" hostname="Sedra" failures="0" tests="1" name="Default test" time="13.784" errors="0" timestamp="2023-12-13T20:42:03 EET">
  <testcase classname="automationStoreTestCases.TestCases" name="Navigate_To_Linkedin" time="5.032"/>
  <testcase classname="automationStoreTestCases.TestCases" name="Check_Sum" time="0.0">
    <ignored/>
  </testcase> <!-- Check_Sum -->
  <testcase classname="automationStoreTestCases.TestCases" name="Check_Payment" time="0.0">
    <ignored/>
  </testcase> <!-- Check_Payment -->
</testsuite> <!-- Default test -->
