<?xml version="1.0" encoding="UTF-8"?>
<testng-results ignored="0" total="3" passed="3" failed="0" skipped="0">
  <reporter-output>
  </reporter-output>
  <suite started-at="2023-12-25T08:43:11 EET" name="Default suite" finished-at="2023-12-25T08:43:18 EET" duration-ms="6802">
    <groups>
    </groups>
    <test started-at="2023-12-25T08:43:11 EET" name="Default test" finished-at="2023-12-25T08:43:18 EET" duration-ms="6802">
      <class name="automationStoreTestCases.TestCases">
        <test-method is-config="true" signature="Pre_Test()[pri:0, instance:automationStoreTestCases.TestCases@49fdbe2b]" started-at="2023-12-25T08:43:11 EET" name="Pre_Test" finished-at="2023-12-25T08:43:14 EET" duration-ms="2355" status="PASS">
          <reporter-output>
          </reporter-output>
        </test-method> <!-- Pre_Test -->
        <test-method signature="Check_Payment()[pri:0, instance:automationStoreTestCases.TestCases@49fdbe2b]" started-at="2023-12-25T08:43:14 EET" name="Check_Payment" finished-at="2023-12-25T08:43:14 EET" duration-ms="155" status="PASS">
          <reporter-output>
          </reporter-output>
        </test-method> <!-- Check_Payment -->
        <test-method signature="Check_Sum()[pri:0, instance:automationStoreTestCases.TestCases@49fdbe2b]" started-at="2023-12-25T08:43:14 EET" name="Check_Sum" finished-at="2023-12-25T08:43:15 EET" duration-ms="1258" status="PASS">
          <reporter-output>
          </reporter-output>
        </test-method> <!-- Check_Sum -->
        <test-method signature="Navigate_To_Linkedin()[pri:0, instance:automationStoreTestCases.TestCases@49fdbe2b]" started-at="2023-12-25T08:43:15 EET" name="Navigate_To_Linkedin" finished-at="2023-12-25T08:43:18 EET" duration-ms="2851" status="PASS">
          <reporter-output>
          </reporter-output>
        </test-method> <!-- Navigate_To_Linkedin -->
        <test-method is-config="true" signature="postTest()[pri:0, instance:automationStoreTestCases.TestCases@49fdbe2b]" started-at="2023-12-25T08:43:18 EET" name="postTest" finished-at="2023-12-25T08:43:18 EET" duration-ms="0" status="PASS">
          <reporter-output>
          </reporter-output>
        </test-method> <!-- postTest -->
      </class> <!-- automationStoreTestCases.TestCases -->
    </test> <!-- Default test -->
  </suite> <!-- Default suite -->
</testng-results>
